<?xml version="1.0" encoding="UTF-8"?>
<!-- Generated by org.testng.reporters.JUnitReportReporter -->
<testsuite skipped="0" hostname="DESKTOP-B8LTCSK" name="qaclickacademy.AppiumTest" tests="2" failures="0" timestamp="2021-01-18T15:41:22 IST" time="0.009" errors="0">
  <testcase name="nativeAppAndroid" time="0.001" classname="qaclickacademy.AppiumTest"/>
  <system-out/>
  <testcase name="IOSApps" time="0.008" classname="qaclickacademy.AppiumTest"/>
  <system-out/>
</testsuite> <!-- qaclickacademy.AppiumTest -->
